<?xml version="1.0" encoding="UTF-8"?>
<!-- Generated by org.testng.reporters.JUnitReportReporter -->
<testsuite hostname="LAPTOP-RH9C0VS7" failures="0" tests="2" name="com.luma.testcases.Shipping" time="68.124" errors="0" timestamp="2024-07-27T21:59:55 IST" skipped="1">
  <testcase classname="com.luma.testcases.Shipping" name="checkoutPositive" time="68.124"/>
  <testcase classname="com.luma.testcases.Shipping" name="checkoutNegativeIncompleteAddress">
    <skipped/>
  </testcase> <!-- checkoutNegativeIncompleteAddress -->
</testsuite> <!-- com.luma.testcases.Shipping -->
