<?xml version="1.0" encoding="UTF-8"?>
<!-- Generated by org.testng.reporters.JUnitReportReporter -->
<testsuite hostname="LAPTOP-RH9C0VS7" failures="0" tests="1" name="com.luma.testcases.SortBy" time="11.383" errors="0" timestamp="2024-07-27T21:59:55 IST" skipped="0">
  <testcase classname="com.luma.testcases.SortBy" name="sortByDropDown" time="11.383"/>
</testsuite> <!-- com.luma.testcases.SortBy -->
