<?xml version="1.0" encoding="UTF-8"?>
<!-- Generated by org.testng.reporters.JUnitReportReporter -->
<testsuite hostname="LAPTOP-RH9C0VS7" failures="0" tests="4" name="com.luma.testcases.HomePageTest" time="0.084" errors="0" timestamp="2024-07-27T21:59:54 IST" skipped="2">
  <testcase classname="com.luma.testcases.HomePageTest" name="verifyHomePageTitle" time="0.016"/>
  <testcase classname="com.luma.testcases.HomePageTest" name="verifyLogoPresence" time="0.068"/>
  <testcase classname="com.luma.testcases.HomePageTest" name="verifyNavigationMenu">
    <skipped/>
  </testcase> <!-- verifyNavigationMenu -->
  <testcase classname="com.luma.testcases.HomePageTest" name="verifySearchBarPresence">
    <skipped/>
  </testcase> <!-- verifySearchBarPresence -->
</testsuite> <!-- com.luma.testcases.HomePageTest -->
