<?xml version="1.0" encoding="UTF-8"?>
<!-- Generated by org.testng.reporters.JUnitReportReporter -->
<testsuite hostname="LAPTOP-RH9C0VS7" failures="0" tests="2" name="com.luma.testcases.PaymentTest" time="3.651" errors="0" timestamp="2024-07-27T20:51:36 IST" skipped="1">
  <testcase classname="com.luma.testcases.PaymentTest" name="paymentPositive" time="3.651"/>
  <testcase classname="com.luma.testcases.PaymentTest" name="paymentNegativeInvalidCardNumber">
    <skipped/>
  </testcase> <!-- paymentNegativeInvalidCardNumber -->
</testsuite> <!-- com.luma.testcases.PaymentTest -->
