<?xml version="1.0" encoding="UTF-8"?>
<!-- Generated by org.testng.reporters.JUnitReportReporter -->
<testsuite hostname="LAPTOP-RH9C0VS7" failures="0" tests="3" name="com.luma.testcases.CreateAccountTest" time="4.740" errors="0" timestamp="2024-07-27T21:59:55 IST" skipped="2">
  <testcase classname="com.luma.testcases.CreateAccountTest" name="createAccountPositive" time="4.740"/>
  <testcase classname="com.luma.testcases.CreateAccountTest" name="createAccountNegativePasswordMismatch">
    <skipped/>
  </testcase> <!-- createAccountNegativePasswordMismatch -->
  <testcase classname="com.luma.testcases.CreateAccountTest" name="createAccountNegativeInvalidEmail">
    <skipped/>
  </testcase> <!-- createAccountNegativeInvalidEmail -->
</testsuite> <!-- com.luma.testcases.CreateAccountTest -->
