<?xml version="1.0" encoding="UTF-8"?>
<!-- Generated by org.testng.reporters.JUnitReportReporter -->
<testsuite hostname="LAPTOP-RH9C0VS7" failures="0" tests="3" name="com.luma.testcases.SignInTest" time="3.865" errors="0" timestamp="2024-07-27T21:59:55 IST" skipped="2">
  <testcase classname="com.luma.testcases.SignInTest" name="signInPositive" time="3.865"/>
  <testcase classname="com.luma.testcases.SignInTest" name="signInNegativeInvalidPassword">
    <skipped/>
  </testcase> <!-- signInNegativeInvalidPassword -->
  <testcase classname="com.luma.testcases.SignInTest" name="signInNegativeInvalidEmail">
    <skipped/>
  </testcase> <!-- signInNegativeInvalidEmail -->
</testsuite> <!-- com.luma.testcases.SignInTest -->
