<?xml version="1.0" encoding="UTF-8"?>
<!-- Generated by org.testng.reporters.JUnitReportReporter -->
<testsuite hostname="LAPTOP-RH9C0VS7" failures="0" tests="2" name="com.luma.testcases.SearchTest" time="5.738" errors="0" timestamp="2024-07-27T21:59:55 IST" skipped="0">
  <testcase classname="com.luma.testcases.SearchTest" name="searchPositive" time="2.341"/>
  <testcase classname="com.luma.testcases.SearchTest" name="searchNegativeNoResults" time="3.397"/>
</testsuite> <!-- com.luma.testcases.SearchTest -->
