<?xml version="1.0" encoding="UTF-8"?>
<!-- Generated by org.testng.reporters.JUnitReportReporter -->
<testsuite hostname="LAPTOP-RH9C0VS7" failures="0" tests="2" name="com.luma.testcases.SelectProductTest" time="4.158" errors="0" timestamp="2024-07-27T21:59:54 IST" skipped="1">
  <testcase classname="com.luma.testcases.SelectProductTest" name="searchAndSelectProduct" time="4.158"/>
  <testcase classname="com.luma.testcases.SelectProductTest" name="searchAndSelectProductNegative">
    <skipped/>
  </testcase> <!-- searchAndSelectProductNegative -->
</testsuite> <!-- com.luma.testcases.SelectProductTest -->
