<?xml version="1.0" encoding="UTF-8"?>
<!-- Generated by org.testng.reporters.JUnitReportReporter -->
<testsuite hostname="LAPTOP-RH9C0VS7" failures="0" tests="2" name="com.luma.testcases.AddToCartTest" time="4.972" errors="0" timestamp="2024-07-27T21:59:55 IST" skipped="1">
  <testcase classname="com.luma.testcases.AddToCartTest" name="addToCartPositive" time="4.972"/>
  <testcase classname="com.luma.testcases.AddToCartTest" name="addToCartNegativeOutOfStock">
    <skipped/>
  </testcase> <!-- addToCartNegativeOutOfStock -->
</testsuite> <!-- com.luma.testcases.AddToCartTest -->
