<?xml version="1.0" encoding="UTF-8"?>
<!-- Generated by org.testng.reporters.JUnitReportReporter -->
<testsuite hostname="LAPTOP-RH9C0VS7" failures="0" tests="1" name="com.luma.testcases.FooterNotes" time="5.227" errors="0" timestamp="2024-07-27T21:59:54 IST" skipped="0">
  <testcase classname="com.luma.testcases.FooterNotes" name="notes" time="5.227"/>
</testsuite> <!-- com.luma.testcases.FooterNotes -->
