<?xml version="1.0" encoding="UTF-8"?>
<!-- Generated by org.testng.reporters.JUnitReportReporter -->
<testsuite hostname="LAPTOP-RH9C0VS7" failures="0" tests="1" name="com.luma.testcases.ShipppingAdress" time="56.020" errors="0" timestamp="2024-07-27T19:49:15 IST" skipped="0">
  <testcase classname="com.luma.testcases.ShipppingAdress" name="shippingAddressTest" time="56.020"/>
</testsuite> <!-- com.luma.testcases.ShipppingAdress -->
