<?xml version="1.0" encoding="UTF-8"?>
<!-- Generated by org.testng.reporters.JUnitReportReporter -->
<testsuite hostname="LAPTOP-RH9C0VS7" failures="0" tests="2" name="com.luma.testcases.CheckoutTest" time="62.520" errors="0" timestamp="2024-07-27T20:50:33 IST" skipped="1">
  <testcase classname="com.luma.testcases.CheckoutTest" name="checkoutPositive" time="62.520"/>
  <testcase classname="com.luma.testcases.CheckoutTest" name="checkoutNegativeIncompleteAddress">
    <skipped/>
  </testcase> <!-- checkoutNegativeIncompleteAddress -->
</testsuite> <!-- com.luma.testcases.CheckoutTest -->
