<?xml version="1.0" encoding="UTF-8"?>
<!-- Generated by org.testng.reporters.JUnitReportReporter -->
<testsuite hostname="LAPTOP-RH9C0VS7" failures="0" tests="2" name="com.luma.testcases.DeleteCartitem" time="9.534" errors="0" timestamp="2024-07-27T21:59:55 IST" skipped="0">
  <testcase classname="com.luma.testcases.DeleteCartitem" name="login" time="7.366"/>
  <testcase classname="com.luma.testcases.DeleteCartitem" name="deleteCart" time="2.168"/>
</testsuite> <!-- com.luma.testcases.DeleteCartitem -->
